<?xml version="1.0" encoding="UTF-8" ?>
<testsuite tests="24" failures="0" name="com.basic.MyFirstSelenium.RunnerFirstSeleniumScriptTest" time="0.032" errors="4" skipped="12">
  <properties>
[...]
</properties>
  <testcase classname="Scenario: test all tabs on home page" name="Given User Opens seleniumhq website" time="0"/>
  <testcase classname="Scenario: test all tabs on home page" name="When user click on &quot;Project&quot; tab" time="0.001">
    <error message="invalid selector: Unable to locate an element with the xpath expression  because of the following error:
SyntaxError: Failed to execute &apos;evaluate&apos; on &apos;Document&apos;: The string &apos;&apos; is not a valid XPath expression.
  (Session info: chrome=84.0.4147.89)
For documentation on this error, please visit: http://seleniumhq.org/exceptions/invalid_selector_exception.html
Build info: version: &apos;3.5.2&apos;, revision: &apos;10229a9&apos;, time: &apos;2017-08-21T17:29:55.15Z&apos;
System info: host: &apos;LAPTOP-EM9U1UPE&apos;, ip: &apos;192.168.43.43&apos;, os.name: &apos;Windows 10&apos;, os.arch: &apos;amd64&apos;, os.version: &apos;10.0&apos;, java.version: &apos;1.8.0_241&apos;
Driver info: org.openqa.selenium.chrome.ChromeDriver
Capabilities [{networkConnectionEnabled=false, chrome={chromedriverVersion=83.0.4103.39 (ccbf011cb2d2b19b506d844400483861342c20cd-refs/branch-heads/4103@{#416}), userDataDir=C:\Users\chava\AppData\Local\Temp\scoped_dir6812_832554828}, timeouts={implicit=0, pageLoad=300000, script=30000}, pageLoadStrategy=normal, unhandledPromptBehavior=dismiss and notify, strictFileInteractability=false, platform=ANY, proxy=Proxy(), goog:chromeOptions={debuggerAddress=localhost:59354}, acceptInsecureCerts=false, browserVersion=84.0.4147.89, browserName=chrome, javascriptEnabled=true, platformName=windows, setWindowRect=true, webauthn:virtualAuthenticators=true}]
Session ID: 55fce940f48e4d80d9c4abc633ee1e62
*** Element info: {Using=xpath, value=}" type="org.openqa.selenium.InvalidSelectorException">org.openqa.selenium.InvalidSelectorException: invalid selector: Unable to locate an element with the xpath expression  because of the following error:
SyntaxError: Failed to execute &apos;evaluate&apos; on &apos;Document&apos;: The string &apos;&apos; is not a valid XPath expression.
  (Session info: chrome=84.0.4147.89)
For documentation on this error, please visit: http://seleniumhq.org/exceptions/invalid_selector_exception.html
Build info: version: &apos;3.5.2&apos;, revision: &apos;10229a9&apos;, time: &apos;2017-08-21T17:29:55.15Z&apos;
System info: host: &apos;LAPTOP-EM9U1UPE&apos;, ip: &apos;192.168.43.43&apos;, os.name: &apos;Windows 10&apos;, os.arch: &apos;amd64&apos;, os.version: &apos;10.0&apos;, java.version: &apos;1.8.0_241&apos;
Driver info: org.openqa.selenium.chrome.ChromeDriver
Capabilities [{networkConnectionEnabled=false, chrome={chromedriverVersion=83.0.4103.39 (ccbf011cb2d2b19b506d844400483861342c20cd-refs/branch-heads/4103@{#416}), userDataDir=C:\Users\chava\AppData\Local\Temp\scoped_dir6812_832554828}, timeouts={implicit=0, pageLoad=300000, script=30000}, pageLoadStrategy=normal, unhandledPromptBehavior=dismiss and notify, strictFileInteractability=false, platform=ANY, proxy=Proxy(), goog:chromeOptions={debuggerAddress=localhost:59354}, acceptInsecureCerts=false, browserVersion=84.0.4147.89, browserName=chrome, javascriptEnabled=true, platformName=windows, setWindowRect=true, webauthn:virtualAuthenticators=true}]
Session ID: 55fce940f48e4d80d9c4abc633ee1e62
*** Element info: {Using=xpath, value=}
	at sun.reflect.NativeConstructorAccessorImpl.newInstance0(Native Method)
	at sun.reflect.NativeConstructorAccessorImpl.newInstance(Unknown Source)
	at sun.reflect.DelegatingConstructorAccessorImpl.newInstance(Unknown Source)
	at java.lang.reflect.Constructor.newInstance(Unknown Source)
	at org.openqa.selenium.remote.http.W3CHttpResponseCodec.createException(W3CHttpResponseCodec.java:185)
	at org.openqa.selenium.remote.http.W3CHttpResponseCodec.decode(W3CHttpResponseCodec.java:120)
	at org.openqa.selenium.remote.http.W3CHttpResponseCodec.decode(W3CHttpResponseCodec.java:49)
	at org.openqa.selenium.remote.HttpCommandExecutor.execute(HttpCommandExecutor.java:164)
	at org.openqa.selenium.remote.service.DriverCommandExecutor.execute(DriverCommandExecutor.java:82)
	at org.openqa.selenium.remote.RemoteWebDriver.execute(RemoteWebDriver.java:641)
	at org.openqa.selenium.remote.RemoteWebDriver.findElement(RemoteWebDriver.java:414)
	at org.openqa.selenium.remote.RemoteWebDriver.findElementByXPath(RemoteWebDriver.java:513)
	at org.openqa.selenium.By$ByXPath.findElement(By.java:361)
	at org.openqa.selenium.remote.RemoteWebDriver.findElement(RemoteWebDriver.java:406)
	at com.basic.MyFirstSelenium.FirstSeleniumScriptSD.user_click_on_Project_tab(FirstSeleniumScriptSD.java:26)
	at ✽.When user click on &quot;Project&quot; tab(src/test/resources/com/basic/MyFirstSelenium/FirstSeleniumScriptFF.feature:5)
</error>
    <system-out>tab name = Project
</system-out>
  </testcase>
  <testcase classname="Scenario: test all tabs on home page" name="Scenario: test all tabs on home page" time="0.001">
    <error message="invalid selector: Unable to locate an element with the xpath expression  because of the following error:
SyntaxError: Failed to execute &apos;evaluate&apos; on &apos;Document&apos;: The string &apos;&apos; is not a valid XPath expression.
  (Session info: chrome=84.0.4147.89)
For documentation on this error, please visit: http://seleniumhq.org/exceptions/invalid_selector_exception.html
Build info: version: &apos;3.5.2&apos;, revision: &apos;10229a9&apos;, time: &apos;2017-08-21T17:29:55.15Z&apos;
System info: host: &apos;LAPTOP-EM9U1UPE&apos;, ip: &apos;192.168.43.43&apos;, os.name: &apos;Windows 10&apos;, os.arch: &apos;amd64&apos;, os.version: &apos;10.0&apos;, java.version: &apos;1.8.0_241&apos;
Driver info: org.openqa.selenium.chrome.ChromeDriver
Capabilities [{networkConnectionEnabled=false, chrome={chromedriverVersion=83.0.4103.39 (ccbf011cb2d2b19b506d844400483861342c20cd-refs/branch-heads/4103@{#416}), userDataDir=C:\Users\chava\AppData\Local\Temp\scoped_dir6812_832554828}, timeouts={implicit=0, pageLoad=300000, script=30000}, pageLoadStrategy=normal, unhandledPromptBehavior=dismiss and notify, strictFileInteractability=false, platform=ANY, proxy=Proxy(), goog:chromeOptions={debuggerAddress=localhost:59354}, acceptInsecureCerts=false, browserVersion=84.0.4147.89, browserName=chrome, javascriptEnabled=true, platformName=windows, setWindowRect=true, webauthn:virtualAuthenticators=true}]
Session ID: 55fce940f48e4d80d9c4abc633ee1e62
*** Element info: {Using=xpath, value=}" type="org.openqa.selenium.InvalidSelectorException">org.openqa.selenium.InvalidSelectorException: invalid selector: Unable to locate an element with the xpath expression  because of the following error:
SyntaxError: Failed to execute &apos;evaluate&apos; on &apos;Document&apos;: The string &apos;&apos; is not a valid XPath expression.
  (Session info: chrome=84.0.4147.89)
For documentation on this error, please visit: http://seleniumhq.org/exceptions/invalid_selector_exception.html
Build info: version: &apos;3.5.2&apos;, revision: &apos;10229a9&apos;, time: &apos;2017-08-21T17:29:55.15Z&apos;
System info: host: &apos;LAPTOP-EM9U1UPE&apos;, ip: &apos;192.168.43.43&apos;, os.name: &apos;Windows 10&apos;, os.arch: &apos;amd64&apos;, os.version: &apos;10.0&apos;, java.version: &apos;1.8.0_241&apos;
Driver info: org.openqa.selenium.chrome.ChromeDriver
Capabilities [{networkConnectionEnabled=false, chrome={chromedriverVersion=83.0.4103.39 (ccbf011cb2d2b19b506d844400483861342c20cd-refs/branch-heads/4103@{#416}), userDataDir=C:\Users\chava\AppData\Local\Temp\scoped_dir6812_832554828}, timeouts={implicit=0, pageLoad=300000, script=30000}, pageLoadStrategy=normal, unhandledPromptBehavior=dismiss and notify, strictFileInteractability=false, platform=ANY, proxy=Proxy(), goog:chromeOptions={debuggerAddress=localhost:59354}, acceptInsecureCerts=false, browserVersion=84.0.4147.89, browserName=chrome, javascriptEnabled=true, platformName=windows, setWindowRect=true, webauthn:virtualAuthenticators=true}]
Session ID: 55fce940f48e4d80d9c4abc633ee1e62
*** Element info: {Using=xpath, value=}
	at sun.reflect.NativeConstructorAccessorImpl.newInstance0(Native Method)
	at sun.reflect.NativeConstructorAccessorImpl.newInstance(Unknown Source)
	at sun.reflect.DelegatingConstructorAccessorImpl.newInstance(Unknown Source)
	at java.lang.reflect.Constructor.newInstance(Unknown Source)
	at org.openqa.selenium.remote.http.W3CHttpResponseCodec.createException(W3CHttpResponseCodec.java:185)
	at org.openqa.selenium.remote.http.W3CHttpResponseCodec.decode(W3CHttpResponseCodec.java:120)
	at org.openqa.selenium.remote.http.W3CHttpResponseCodec.decode(W3CHttpResponseCodec.java:49)
	at org.openqa.selenium.remote.HttpCommandExecutor.execute(HttpCommandExecutor.java:164)
	at org.openqa.selenium.remote.service.DriverCommandExecutor.execute(DriverCommandExecutor.java:82)
	at org.openqa.selenium.remote.RemoteWebDriver.execute(RemoteWebDriver.java:641)
	at org.openqa.selenium.remote.RemoteWebDriver.findElement(RemoteWebDriver.java:414)
	at org.openqa.selenium.remote.RemoteWebDriver.findElementByXPath(RemoteWebDriver.java:513)
	at org.openqa.selenium.By$ByXPath.findElement(By.java:361)
	at org.openqa.selenium.remote.RemoteWebDriver.findElement(RemoteWebDriver.java:406)
	at com.basic.MyFirstSelenium.FirstSeleniumScriptSD.user_click_on_Project_tab(FirstSeleniumScriptSD.java:26)
	at ✽.When user click on &quot;Project&quot; tab(src/test/resources/com/basic/MyFirstSelenium/FirstSeleniumScriptFF.feature:5)
</error>
  </testcase>
  <testcase classname="Scenario: test all tabs on home page" name="Then user checks About tab" time="0.003">
    <skipped/>
  </testcase>
  <testcase classname="Scenario: test all tabs on home page22" name="Given User Opens seleniumhq website" time="0"/>
  <testcase classname="Scenario: test all tabs on home page22" name="When user click on &quot;Documenation&quot; tab" time="0">
    <error message="invalid selector: Unable to locate an element with the xpath expression  because of the following error:
SyntaxError: Failed to execute &apos;evaluate&apos; on &apos;Document&apos;: The string &apos;&apos; is not a valid XPath expression.
  (Session info: chrome=84.0.4147.89)
For documentation on this error, please visit: http://seleniumhq.org/exceptions/invalid_selector_exception.html
Build info: version: &apos;3.5.2&apos;, revision: &apos;10229a9&apos;, time: &apos;2017-08-21T17:29:55.15Z&apos;
System info: host: &apos;LAPTOP-EM9U1UPE&apos;, ip: &apos;192.168.43.43&apos;, os.name: &apos;Windows 10&apos;, os.arch: &apos;amd64&apos;, os.version: &apos;10.0&apos;, java.version: &apos;1.8.0_241&apos;
Driver info: org.openqa.selenium.chrome.ChromeDriver
Capabilities [{networkConnectionEnabled=false, chrome={chromedriverVersion=83.0.4103.39 (ccbf011cb2d2b19b506d844400483861342c20cd-refs/branch-heads/4103@{#416}), userDataDir=C:\Users\chava\AppData\Local\Temp\scoped_dir17736_458877202}, timeouts={implicit=0, pageLoad=300000, script=30000}, pageLoadStrategy=normal, unhandledPromptBehavior=dismiss and notify, strictFileInteractability=false, platform=ANY, proxy=Proxy(), goog:chromeOptions={debuggerAddress=localhost:59395}, acceptInsecureCerts=false, browserVersion=84.0.4147.89, browserName=chrome, javascriptEnabled=true, platformName=windows, setWindowRect=true, webauthn:virtualAuthenticators=true}]
Session ID: c23e6b318b673dc6fea19b6ec88575e6
*** Element info: {Using=xpath, value=}" type="org.openqa.selenium.InvalidSelectorException">org.openqa.selenium.InvalidSelectorException: invalid selector: Unable to locate an element with the xpath expression  because of the following error:
SyntaxError: Failed to execute &apos;evaluate&apos; on &apos;Document&apos;: The string &apos;&apos; is not a valid XPath expression.
  (Session info: chrome=84.0.4147.89)
For documentation on this error, please visit: http://seleniumhq.org/exceptions/invalid_selector_exception.html
Build info: version: &apos;3.5.2&apos;, revision: &apos;10229a9&apos;, time: &apos;2017-08-21T17:29:55.15Z&apos;
System info: host: &apos;LAPTOP-EM9U1UPE&apos;, ip: &apos;192.168.43.43&apos;, os.name: &apos;Windows 10&apos;, os.arch: &apos;amd64&apos;, os.version: &apos;10.0&apos;, java.version: &apos;1.8.0_241&apos;
Driver info: org.openqa.selenium.chrome.ChromeDriver
Capabilities [{networkConnectionEnabled=false, chrome={chromedriverVersion=83.0.4103.39 (ccbf011cb2d2b19b506d844400483861342c20cd-refs/branch-heads/4103@{#416}), userDataDir=C:\Users\chava\AppData\Local\Temp\scoped_dir17736_458877202}, timeouts={implicit=0, pageLoad=300000, script=30000}, pageLoadStrategy=normal, unhandledPromptBehavior=dismiss and notify, strictFileInteractability=false, platform=ANY, proxy=Proxy(), goog:chromeOptions={debuggerAddress=localhost:59395}, acceptInsecureCerts=false, browserVersion=84.0.4147.89, browserName=chrome, javascriptEnabled=true, platformName=windows, setWindowRect=true, webauthn:virtualAuthenticators=true}]
Session ID: c23e6b318b673dc6fea19b6ec88575e6
*** Element info: {Using=xpath, value=}
	at sun.reflect.NativeConstructorAccessorImpl.newInstance0(Native Method)
	at sun.reflect.NativeConstructorAccessorImpl.newInstance(Unknown Source)
	at sun.reflect.DelegatingConstructorAccessorImpl.newInstance(Unknown Source)
	at java.lang.reflect.Constructor.newInstance(Unknown Source)
	at org.openqa.selenium.remote.http.W3CHttpResponseCodec.createException(W3CHttpResponseCodec.java:185)
	at org.openqa.selenium.remote.http.W3CHttpResponseCodec.decode(W3CHttpResponseCodec.java:120)
	at org.openqa.selenium.remote.http.W3CHttpResponseCodec.decode(W3CHttpResponseCodec.java:49)
	at org.openqa.selenium.remote.HttpCommandExecutor.execute(HttpCommandExecutor.java:164)
	at org.openqa.selenium.remote.service.DriverCommandExecutor.execute(DriverCommandExecutor.java:82)
	at org.openqa.selenium.remote.RemoteWebDriver.execute(RemoteWebDriver.java:641)
	at org.openqa.selenium.remote.RemoteWebDriver.findElement(RemoteWebDriver.java:414)
	at org.openqa.selenium.remote.RemoteWebDriver.findElementByXPath(RemoteWebDriver.java:513)
	at org.openqa.selenium.By$ByXPath.findElement(By.java:361)
	at org.openqa.selenium.remote.RemoteWebDriver.findElement(RemoteWebDriver.java:406)
	at com.basic.MyFirstSelenium.FirstSeleniumScriptSD.user_click_on_Project_tab(FirstSeleniumScriptSD.java:26)
	at ✽.When user click on &quot;Documenation&quot; tab(src/test/resources/com/basic/MyFirstSelenium/FirstSeleniumScriptFF.feature:10)
</error>
    <system-out>tab name = Documenation
</system-out>
  </testcase>
  <testcase classname="Scenario: test all tabs on home page22" name="Scenario: test all tabs on home page22" time="0.001">
    <error message="invalid selector: Unable to locate an element with the xpath expression  because of the following error:
SyntaxError: Failed to execute &apos;evaluate&apos; on &apos;Document&apos;: The string &apos;&apos; is not a valid XPath expression.
  (Session info: chrome=84.0.4147.89)
For documentation on this error, please visit: http://seleniumhq.org/exceptions/invalid_selector_exception.html
Build info: version: &apos;3.5.2&apos;, revision: &apos;10229a9&apos;, time: &apos;2017-08-21T17:29:55.15Z&apos;
System info: host: &apos;LAPTOP-EM9U1UPE&apos;, ip: &apos;192.168.43.43&apos;, os.name: &apos;Windows 10&apos;, os.arch: &apos;amd64&apos;, os.version: &apos;10.0&apos;, java.version: &apos;1.8.0_241&apos;
Driver info: org.openqa.selenium.chrome.ChromeDriver
Capabilities [{networkConnectionEnabled=false, chrome={chromedriverVersion=83.0.4103.39 (ccbf011cb2d2b19b506d844400483861342c20cd-refs/branch-heads/4103@{#416}), userDataDir=C:\Users\chava\AppData\Local\Temp\scoped_dir17736_458877202}, timeouts={implicit=0, pageLoad=300000, script=30000}, pageLoadStrategy=normal, unhandledPromptBehavior=dismiss and notify, strictFileInteractability=false, platform=ANY, proxy=Proxy(), goog:chromeOptions={debuggerAddress=localhost:59395}, acceptInsecureCerts=false, browserVersion=84.0.4147.89, browserName=chrome, javascriptEnabled=true, platformName=windows, setWindowRect=true, webauthn:virtualAuthenticators=true}]
Session ID: c23e6b318b673dc6fea19b6ec88575e6
*** Element info: {Using=xpath, value=}" type="org.openqa.selenium.InvalidSelectorException">org.openqa.selenium.InvalidSelectorException: invalid selector: Unable to locate an element with the xpath expression  because of the following error:
SyntaxError: Failed to execute &apos;evaluate&apos; on &apos;Document&apos;: The string &apos;&apos; is not a valid XPath expression.
  (Session info: chrome=84.0.4147.89)
For documentation on this error, please visit: http://seleniumhq.org/exceptions/invalid_selector_exception.html
Build info: version: &apos;3.5.2&apos;, revision: &apos;10229a9&apos;, time: &apos;2017-08-21T17:29:55.15Z&apos;
System info: host: &apos;LAPTOP-EM9U1UPE&apos;, ip: &apos;192.168.43.43&apos;, os.name: &apos;Windows 10&apos;, os.arch: &apos;amd64&apos;, os.version: &apos;10.0&apos;, java.version: &apos;1.8.0_241&apos;
Driver info: org.openqa.selenium.chrome.ChromeDriver
Capabilities [{networkConnectionEnabled=false, chrome={chromedriverVersion=83.0.4103.39 (ccbf011cb2d2b19b506d844400483861342c20cd-refs/branch-heads/4103@{#416}), userDataDir=C:\Users\chava\AppData\Local\Temp\scoped_dir17736_458877202}, timeouts={implicit=0, pageLoad=300000, script=30000}, pageLoadStrategy=normal, unhandledPromptBehavior=dismiss and notify, strictFileInteractability=false, platform=ANY, proxy=Proxy(), goog:chromeOptions={debuggerAddress=localhost:59395}, acceptInsecureCerts=false, browserVersion=84.0.4147.89, browserName=chrome, javascriptEnabled=true, platformName=windows, setWindowRect=true, webauthn:virtualAuthenticators=true}]
Session ID: c23e6b318b673dc6fea19b6ec88575e6
*** Element info: {Using=xpath, value=}
	at sun.reflect.NativeConstructorAccessorImpl.newInstance0(Native Method)
	at sun.reflect.NativeConstructorAccessorImpl.newInstance(Unknown Source)
	at sun.reflect.DelegatingConstructorAccessorImpl.newInstance(Unknown Source)
	at java.lang.reflect.Constructor.newInstance(Unknown Source)
	at org.openqa.selenium.remote.http.W3CHttpResponseCodec.createException(W3CHttpResponseCodec.java:185)
	at org.openqa.selenium.remote.http.W3CHttpResponseCodec.decode(W3CHttpResponseCodec.java:120)
	at org.openqa.selenium.remote.http.W3CHttpResponseCodec.decode(W3CHttpResponseCodec.java:49)
	at org.openqa.selenium.remote.HttpCommandExecutor.execute(HttpCommandExecutor.java:164)
	at org.openqa.selenium.remote.service.DriverCommandExecutor.execute(DriverCommandExecutor.java:82)
	at org.openqa.selenium.remote.RemoteWebDriver.execute(RemoteWebDriver.java:641)
	at org.openqa.selenium.remote.RemoteWebDriver.findElement(RemoteWebDriver.java:414)
	at org.openqa.selenium.remote.RemoteWebDriver.findElementByXPath(RemoteWebDriver.java:513)
	at org.openqa.selenium.By$ByXPath.findElement(By.java:361)
	at org.openqa.selenium.remote.RemoteWebDriver.findElement(RemoteWebDriver.java:406)
	at com.basic.MyFirstSelenium.FirstSeleniumScriptSD.user_click_on_Project_tab(FirstSeleniumScriptSD.java:26)
	at ✽.When user click on &quot;Documenation&quot; tab(src/test/resources/com/basic/MyFirstSelenium/FirstSeleniumScriptFF.feature:10)
</error>
  </testcase>
  <testcase classname="Scenario: test all tabs on home page22" name="Then user checks About tab" time="0.002">
    <skipped/>
  </testcase>
  <testcase classname="Scenario: test all tabs on home page33" name="Given User Opens seleniumhq website" time="0"/>
  <testcase classname="Scenario: test all tabs on home page33" name="When user click on Project tab" time="0">
    <skipped/>
  </testcase>
  <testcase classname="Scenario: test all tabs on home page33" name="Then user checks About tab" time="0">
    <skipped/>
  </testcase>
  <testcase classname="Scenario: test all tabs on home page33" name="Scenario: test all tabs on home page33" time="0.001">
    <skipped/>
  </testcase>
  <testcase classname="Scenario: test all tabs on home page33" name="Scenario: test all tabs on home page33" time="0.001"/>
  <testcase classname="Scenario: test all tabs on home page44" name="Given User Opens seleniumhq website" time="0"/>
  <testcase classname="Scenario: test all tabs on home page44" name="When user click on Project tab" time="0.001">
    <skipped/>
  </testcase>
  <testcase classname="Scenario: test all tabs on home page44" name="Then user checks About tab" time="0.002">
    <skipped/>
  </testcase>
  <testcase classname="Scenario: test all tabs on home page44" name="Scenario: test all tabs on home page44" time="0.003">
    <skipped/>
  </testcase>
  <testcase classname="Scenario: test all tabs on home page44" name="Scenario: test all tabs on home page44" time="0.003"/>
  <testcase classname="Scenario: test all tabs on home page44" name="Given User Opens seleniumhq website" time="0"/>
  <testcase classname="Scenario: test all tabs on home page44" name="When user enter following parameters" time="0.002">
    <skipped/>
  </testcase>
  <testcase classname="Scenario: test all tabs on home page44" name="When user click on submit button." time="0.002">
    <skipped/>
  </testcase>
  <testcase classname="Scenario: test all tabs on home page44" name="Then he checks address on profile page" time="0.003">
    <skipped/>
  </testcase>
  <testcase classname="Scenario: test all tabs on home page44" name="Scenario: test all tabs on home page44" time="0.003">
    <skipped/>
  </testcase>
  <testcase classname="Scenario: test all tabs on home page44" name="Scenario: test all tabs on home page44" time="0.003"/>
</testsuite>